{"numTotalTestSuites":1,"numPassedTestSuites":1,"numFailedTestSuites":0,"numPendingTestSuites":0,"numTotalTests":3,"numPassedTests":3,"numFailedTests":0,"numPendingTests":0,"numTodoTests":0,"snapshot":{"added":0,"failure":false,"filesAdded":0,"filesRemoved":0,"filesRemovedList":[],"filesUnmatched":0,"filesUpdated":0,"matched":0,"total":0,"unchecked":0,"uncheckedKeysByFile":[],"unmatched":0,"updated":0,"didUpdate":false},"startTime":1790138868904,"success":true,"testResults":[{"assertionResults":[{"ancestorTitles":[],"fullName":"memory: Bob persisted completion uses real Fulfillment without inventing start","status":"passed","title":"memory: Bob persisted completion uses real Fulfillment without inventing start","duration":19.807624999999916,"failureMessages":[],"meta":{},"tags":[],"benchmarks":[]},{"ancestorTitles":[],"fullName":"sqlite: Bob persisted completion uses real Fulfillment without inventing start","status":"passed","title":"sqlite: Bob persisted completion uses real Fulfillment without inventing start","duration":11.049583999999982,"failureMessages":[],"meta":{},"tags":[],"benchmarks":[]},{"ancestorTitles":[],"fullName":"postgres: Bob persisted completion uses real Fulfillment without inventing start","status":"passed","title":"postgres: Bob persisted completion uses real Fulfillment without inventing start","duration":77.74412499999994,"failureMessages":[],"meta":{},"tags":[],"benchmarks":[]}],"startTime":1790138869882,"endTime":1790138869990.7441,"status":"passed","message":"","name":"/Volumes/dev/.worktrees/forge/foundation-integration/packages/runtime/test/foundation-app-bob.traces.ts"}]}