{"numTotalTestSuites":1,"numPassedTestSuites":1,"numFailedTestSuites":0,"numPendingTestSuites":0,"numTotalTests":3,"numPassedTests":3,"numFailedTests":0,"numPendingTests":0,"numTodoTests":0,"snapshot":{"added":0,"failure":false,"filesAdded":0,"filesRemoved":0,"filesRemovedList":[],"filesUnmatched":0,"filesUpdated":0,"matched":0,"total":0,"unchecked":0,"uncheckedKeysByFile":[],"unmatched":0,"updated":0,"didUpdate":false},"startTime":1790176020801,"success":true,"testResults":[{"assertionResults":[{"ancestorTitles":[],"fullName":"memory: Bob persisted completion uses real Fulfillment without inventing start","status":"passed","title":"memory: Bob persisted completion uses real Fulfillment without inventing start","duration":19.82708300000013,"failureMessages":[],"meta":{},"tags":[],"benchmarks":[]},{"ancestorTitles":[],"fullName":"sqlite: Bob persisted completion uses real Fulfillment without inventing start","status":"passed","title":"sqlite: Bob persisted completion uses real Fulfillment without inventing start","duration":10.422874999999976,"failureMessages":[],"meta":{},"tags":[],"benchmarks":[]},{"ancestorTitles":[],"fullName":"postgres: Bob persisted completion uses real Fulfillment without inventing start","status":"passed","title":"postgres: Bob persisted completion uses real Fulfillment without inventing start","duration":93.35212499999989,"failureMessages":[],"meta":{},"tags":[],"benchmarks":[]}],"startTime":1790176021913,"endTime":1790176022036.352,"status":"passed","message":"","name":"/Volumes/dev/.worktrees/forge/foundation-integration/packages/runtime/test/foundation-app-bob.traces.ts"}]}