{"numTotalTestSuites":1,"numPassedTestSuites":1,"numFailedTestSuites":0,"numPendingTestSuites":0,"numTotalTests":3,"numPassedTests":3,"numFailedTests":0,"numPendingTests":0,"numTodoTests":0,"snapshot":{"added":0,"failure":false,"filesAdded":0,"filesRemoved":0,"filesRemovedList":[],"filesUnmatched":0,"filesUpdated":0,"matched":0,"total":0,"unchecked":0,"uncheckedKeysByFile":[],"unmatched":0,"updated":0,"didUpdate":false},"startTime":1790183683787,"success":true,"testResults":[{"assertionResults":[{"ancestorTitles":[],"fullName":"memory: real ForgeGraph CI fold and changeset policy drive a pinned assessment","status":"passed","title":"memory: real ForgeGraph CI fold and changeset policy drive a pinned assessment","duration":40.53733299999999,"failureMessages":[],"meta":{},"tags":[],"benchmarks":[]},{"ancestorTitles":[],"fullName":"sqlite: real ForgeGraph CI fold and changeset policy drive a pinned assessment","status":"passed","title":"sqlite: real ForgeGraph CI fold and changeset policy drive a pinned assessment","duration":39.16358300000002,"failureMessages":[],"meta":{},"tags":[],"benchmarks":[]},{"ancestorTitles":[],"fullName":"postgres: real ForgeGraph CI fold and changeset policy drive a pinned assessment","status":"passed","title":"postgres: real ForgeGraph CI fold and changeset policy drive a pinned assessment","duration":182.94129199999998,"failureMessages":[],"meta":{},"tags":[],"benchmarks":[]}],"startTime":1790183684489,"endTime":1790183684750.9414,"status":"passed","message":"","name":"/Volumes/dev/.worktrees/forge/foundation-integration/packages/runtime/test/foundation-app-forgegraph.traces.ts"}]}