{"numTotalTestSuites":1,"numPassedTestSuites":1,"numFailedTestSuites":0,"numPendingTestSuites":0,"numTotalTests":3,"numPassedTests":3,"numFailedTests":0,"numPendingTests":0,"numTodoTests":0,"snapshot":{"added":0,"failure":false,"filesAdded":0,"filesRemoved":0,"filesRemovedList":[],"filesUnmatched":0,"filesUpdated":0,"matched":0,"total":0,"unchecked":0,"uncheckedKeysByFile":[],"unmatched":0,"updated":0,"didUpdate":false},"startTime":1790176023576,"success":true,"testResults":[{"assertionResults":[{"ancestorTitles":[],"fullName":"memory: real ForgeGraph CI fold and changeset policy drive a pinned assessment","status":"passed","title":"memory: real ForgeGraph CI fold and changeset policy drive a pinned assessment","duration":41.333624999999984,"failureMessages":[],"meta":{},"tags":[],"benchmarks":[]},{"ancestorTitles":[],"fullName":"sqlite: real ForgeGraph CI fold and changeset policy drive a pinned assessment","status":"passed","title":"sqlite: real ForgeGraph CI fold and changeset policy drive a pinned assessment","duration":39.459333000000015,"failureMessages":[],"meta":{},"tags":[],"benchmarks":[]},{"ancestorTitles":[],"fullName":"postgres: real ForgeGraph CI fold and changeset policy drive a pinned assessment","status":"passed","title":"postgres: real ForgeGraph CI fold and changeset policy drive a pinned assessment","duration":179.17995900000005,"failureMessages":[],"meta":{},"tags":[],"benchmarks":[]}],"startTime":1790176024373,"endTime":1790176024633.18,"status":"passed","message":"","name":"/Volumes/dev/.worktrees/forge/foundation-integration/packages/runtime/test/foundation-app-forgegraph.traces.ts"}]}