{"numTotalTestSuites":1,"numPassedTestSuites":1,"numFailedTestSuites":0,"numPendingTestSuites":0,"numTotalTests":3,"numPassedTests":3,"numFailedTests":0,"numPendingTests":0,"numTodoTests":0,"snapshot":{"added":0,"failure":false,"filesAdded":0,"filesRemoved":0,"filesRemovedList":[],"filesUnmatched":0,"filesUpdated":0,"matched":0,"total":0,"unchecked":0,"uncheckedKeysByFile":[],"unmatched":0,"updated":0,"didUpdate":false},"startTime":1790138804724,"success":true,"testResults":[{"assertionResults":[{"ancestorTitles":[],"fullName":"memory: Kanbanger persisted issue reconciliation uses real Intake with safe replay","status":"passed","title":"memory: Kanbanger persisted issue reconciliation uses real Intake with safe replay","duration":18.696707999999944,"failureMessages":[],"meta":{},"tags":[],"benchmarks":[]},{"ancestorTitles":[],"fullName":"sqlite: Kanbanger persisted issue reconciliation uses real Intake with safe replay","status":"passed","title":"sqlite: Kanbanger persisted issue reconciliation uses real Intake with safe replay","duration":9.828457999999955,"failureMessages":[],"meta":{},"tags":[],"benchmarks":[]},{"ancestorTitles":[],"fullName":"postgres: Kanbanger persisted issue reconciliation uses real Intake with safe replay","status":"passed","title":"postgres: Kanbanger persisted issue reconciliation uses real Intake with safe replay","duration":145.01270799999998,"failureMessages":[],"meta":{},"tags":[],"benchmarks":[]}],"startTime":1790138805661,"endTime":1790138805834.0127,"status":"passed","message":"","name":"/Volumes/dev/.worktrees/forge/foundation-integration/packages/runtime/test/foundation-app-kanbanger.traces.ts"}]}