{"numTotalTestSuites":1,"numPassedTestSuites":1,"numFailedTestSuites":0,"numPendingTestSuites":0,"numTotalTests":3,"numPassedTests":3,"numFailedTests":0,"numPendingTests":0,"numTodoTests":0,"snapshot":{"added":0,"failure":false,"filesAdded":0,"filesRemoved":0,"filesRemovedList":[],"filesUnmatched":0,"filesUpdated":0,"matched":0,"total":0,"unchecked":0,"uncheckedKeysByFile":[],"unmatched":0,"updated":0,"didUpdate":false},"startTime":1790176018035,"success":true,"testResults":[{"assertionResults":[{"ancestorTitles":[],"fullName":"memory: Kanbanger persisted issue reconciliation uses real Intake with safe replay","status":"passed","title":"memory: Kanbanger persisted issue reconciliation uses real Intake with safe replay","duration":21.877749999999992,"failureMessages":[],"meta":{},"tags":[],"benchmarks":[]},{"ancestorTitles":[],"fullName":"sqlite: Kanbanger persisted issue reconciliation uses real Intake with safe replay","status":"passed","title":"sqlite: Kanbanger persisted issue reconciliation uses real Intake with safe replay","duration":11.521624999999972,"failureMessages":[],"meta":{},"tags":[],"benchmarks":[]},{"ancestorTitles":[],"fullName":"postgres: Kanbanger persisted issue reconciliation uses real Intake with safe replay","status":"passed","title":"postgres: Kanbanger persisted issue reconciliation uses real Intake with safe replay","duration":90.15724999999998,"failureMessages":[],"meta":{},"tags":[],"benchmarks":[]}],"startTime":1790176018991,"endTime":1790176019114.1572,"status":"passed","message":"","name":"/Volumes/dev/.worktrees/forge/foundation-integration/packages/runtime/test/foundation-app-kanbanger.traces.ts"}]}