{"numTotalTestSuites":1,"numPassedTestSuites":1,"numFailedTestSuites":0,"numPendingTestSuites":0,"numTotalTests":6,"numPassedTests":6,"numFailedTests":0,"numPendingTests":0,"numTodoTests":0,"snapshot":{"added":0,"failure":false,"filesAdded":0,"filesRemoved":0,"filesRemovedList":[],"filesUnmatched":0,"filesUpdated":0,"matched":0,"total":0,"unchecked":0,"uncheckedKeysByFile":[],"unmatched":0,"updated":0,"didUpdate":false},"startTime":1790176032675,"success":true,"testResults":[{"assertionResults":[{"ancestorTitles":[],"fullName":"memory: actual LatchFlow Run projects exact compiled content and preserves runner acknowledgment boundary","status":"passed","title":"memory: actual LatchFlow Run projects exact compiled content and preserves runner acknowledgment boundary","duration":28.79620799999998,"failureMessages":[],"meta":{},"tags":[],"benchmarks":[]},{"ancestorTitles":[],"fullName":"memory: actual LatchFlow seam rejects foreign scope and keeps native Run on denied projection","status":"passed","title":"memory: actual LatchFlow seam rejects foreign scope and keeps native Run on denied projection","duration":8.76237500000002,"failureMessages":[],"meta":{},"tags":[],"benchmarks":[]},{"ancestorTitles":[],"fullName":"sqlite: actual LatchFlow Run projects exact compiled content and preserves runner acknowledgment boundary","status":"passed","title":"sqlite: actual LatchFlow Run projects exact compiled content and preserves runner acknowledgment boundary","duration":20.12958399999991,"failureMessages":[],"meta":{},"tags":[],"benchmarks":[]},{"ancestorTitles":[],"fullName":"sqlite: actual LatchFlow seam rejects foreign scope and keeps native Run on denied projection","status":"passed","title":"sqlite: actual LatchFlow seam rejects foreign scope and keeps native Run on denied projection","duration":7.844875000000002,"failureMessages":[],"meta":{},"tags":[],"benchmarks":[]},{"ancestorTitles":[],"fullName":"postgres: actual LatchFlow Run projects exact compiled content and preserves runner acknowledgment boundary","status":"passed","title":"postgres: actual LatchFlow Run projects exact compiled content and preserves runner acknowledgment boundary","duration":168.73012499999993,"failureMessages":[],"meta":{},"tags":[],"benchmarks":[]},{"ancestorTitles":[],"fullName":"postgres: actual LatchFlow seam rejects foreign scope and keeps native Run on denied projection","status":"passed","title":"postgres: actual LatchFlow seam rejects foreign scope and keeps native Run on denied projection","duration":116.41025000000002,"failureMessages":[],"meta":{},"tags":[],"benchmarks":[]}],"startTime":1790176033341,"endTime":1790176033691.4102,"status":"passed","message":"","name":"/Volumes/dev/.worktrees/forge/foundation-integration/packages/runtime/test/foundation-app-latchflow.traces.ts"}]}