{"numTotalTestSuites":1,"numPassedTestSuites":1,"numFailedTestSuites":0,"numPendingTestSuites":0,"numTotalTests":6,"numPassedTests":6,"numFailedTests":0,"numPendingTests":0,"numTodoTests":0,"snapshot":{"added":0,"failure":false,"filesAdded":0,"filesRemoved":0,"filesRemovedList":[],"filesUnmatched":0,"filesUpdated":0,"matched":0,"total":0,"unchecked":0,"uncheckedKeysByFile":[],"unmatched":0,"updated":0,"didUpdate":false},"startTime":1790183692209,"success":true,"testResults":[{"assertionResults":[{"ancestorTitles":[],"fullName":"memory: actual LatchFlow Run projects exact compiled content and preserves runner acknowledgment boundary","status":"passed","title":"memory: actual LatchFlow Run projects exact compiled content and preserves runner acknowledgment boundary","duration":30.48316699999998,"failureMessages":[],"meta":{},"tags":[],"benchmarks":[]},{"ancestorTitles":[],"fullName":"memory: actual LatchFlow seam rejects foreign scope and keeps native Run on denied projection","status":"passed","title":"memory: actual LatchFlow seam rejects foreign scope and keeps native Run on denied projection","duration":9.025250000000028,"failureMessages":[],"meta":{},"tags":[],"benchmarks":[]},{"ancestorTitles":[],"fullName":"sqlite: actual LatchFlow Run projects exact compiled content and preserves runner acknowledgment boundary","status":"passed","title":"sqlite: actual LatchFlow Run projects exact compiled content and preserves runner acknowledgment boundary","duration":22.106167000000028,"failureMessages":[],"meta":{},"tags":[],"benchmarks":[]},{"ancestorTitles":[],"fullName":"sqlite: actual LatchFlow seam rejects foreign scope and keeps native Run on denied projection","status":"passed","title":"sqlite: actual LatchFlow seam rejects foreign scope and keeps native Run on denied projection","duration":9.536749999999984,"failureMessages":[],"meta":{},"tags":[],"benchmarks":[]},{"ancestorTitles":[],"fullName":"postgres: actual LatchFlow Run projects exact compiled content and preserves runner acknowledgment boundary","status":"passed","title":"postgres: actual LatchFlow Run projects exact compiled content and preserves runner acknowledgment boundary","duration":191.99208299999998,"failureMessages":[],"meta":{},"tags":[],"benchmarks":[]},{"ancestorTitles":[],"fullName":"postgres: actual LatchFlow seam rejects foreign scope and keeps native Run on denied projection","status":"passed","title":"postgres: actual LatchFlow seam rejects foreign scope and keeps native Run on denied projection","duration":121.93904099999997,"failureMessages":[],"meta":{},"tags":[],"benchmarks":[]}],"startTime":1790183692928,"endTime":1790183693312.939,"status":"passed","message":"","name":"/Volumes/dev/.worktrees/forge/foundation-integration/packages/runtime/test/foundation-app-latchflow.traces.ts"}]}