{"numTotalTestSuites":1,"numPassedTestSuites":1,"numFailedTestSuites":0,"numPendingTestSuites":0,"numTotalTests":3,"numPassedTests":3,"numFailedTests":0,"numPendingTests":0,"numTodoTests":0,"snapshot":{"added":0,"failure":false,"filesAdded":0,"filesRemoved":0,"filesRemovedList":[],"filesUnmatched":0,"filesUpdated":0,"matched":0,"total":0,"unchecked":0,"uncheckedKeysByFile":[],"unmatched":0,"updated":0,"didUpdate":false},"startTime":1790183686622,"success":true,"testResults":[{"assertionResults":[{"ancestorTitles":[],"fullName":"memory: real LevelForge recipe job persists typed Foundation execution","status":"passed","title":"memory: real LevelForge recipe job persists typed Foundation execution","duration":107.93262500000003,"failureMessages":[],"meta":{},"tags":[],"benchmarks":[]},{"ancestorTitles":[],"fullName":"sqlite: real LevelForge recipe job persists typed Foundation execution","status":"passed","title":"sqlite: real LevelForge recipe job persists typed Foundation execution","duration":105.7879170000001,"failureMessages":[],"meta":{},"tags":[],"benchmarks":[]},{"ancestorTitles":[],"fullName":"postgres: real LevelForge recipe job persists typed Foundation execution","status":"passed","title":"postgres: real LevelForge recipe job persists typed Foundation execution","duration":208.0484580000001,"failureMessages":[],"meta":{},"tags":[],"benchmarks":[]}],"startTime":1790183687355,"endTime":1790183687777.0483,"status":"passed","message":"","name":"/Volumes/dev/.worktrees/forge/foundation-integration/packages/runtime/test/foundation-app-levelforge.traces.ts"}]}