{"numTotalTestSuites":1,"numPassedTestSuites":1,"numFailedTestSuites":0,"numPendingTestSuites":0,"numTotalTests":3,"numPassedTests":3,"numFailedTests":0,"numPendingTests":0,"numTodoTests":0,"snapshot":{"added":0,"failure":false,"filesAdded":0,"filesRemoved":0,"filesRemovedList":[],"filesUnmatched":0,"filesUpdated":0,"matched":0,"total":0,"unchecked":0,"uncheckedKeysByFile":[],"unmatched":0,"updated":0,"didUpdate":false},"startTime":1790176026419,"success":true,"testResults":[{"assertionResults":[{"ancestorTitles":[],"fullName":"memory: real LevelForge recipe job persists typed Foundation execution","status":"passed","title":"memory: real LevelForge recipe job persists typed Foundation execution","duration":107.68662500000005,"failureMessages":[],"meta":{},"tags":[],"benchmarks":[]},{"ancestorTitles":[],"fullName":"sqlite: real LevelForge recipe job persists typed Foundation execution","status":"passed","title":"sqlite: real LevelForge recipe job persists typed Foundation execution","duration":215.49700000000007,"failureMessages":[],"meta":{},"tags":[],"benchmarks":[]},{"ancestorTitles":[],"fullName":"postgres: real LevelForge recipe job persists typed Foundation execution","status":"passed","title":"postgres: real LevelForge recipe job persists typed Foundation execution","duration":447.9357090000001,"failureMessages":[],"meta":{},"tags":[],"benchmarks":[]}],"startTime":1790176027308,"endTime":1790176028078.9358,"status":"passed","message":"","name":"/Volumes/dev/.worktrees/forge/foundation-integration/packages/runtime/test/foundation-app-levelforge.traces.ts"}]}