{"numTotalTestSuites":1,"numPassedTestSuites":1,"numFailedTestSuites":0,"numPendingTestSuites":0,"numTotalTests":3,"numPassedTests":3,"numFailedTests":0,"numPendingTests":0,"numTodoTests":0,"snapshot":{"added":0,"failure":false,"filesAdded":0,"filesRemoved":0,"filesRemovedList":[],"filesUnmatched":0,"filesUpdated":0,"matched":0,"total":0,"unchecked":0,"uncheckedKeysByFile":[],"unmatched":0,"updated":0,"didUpdate":false},"startTime":1790138875198,"success":true,"testResults":[{"assertionResults":[{"ancestorTitles":[],"fullName":"memory: real LevelForge recipe job persists typed Foundation execution","status":"passed","title":"memory: real LevelForge recipe job persists typed Foundation execution","duration":77.841541,"failureMessages":[],"meta":{},"tags":[],"benchmarks":[]},{"ancestorTitles":[],"fullName":"sqlite: real LevelForge recipe job persists typed Foundation execution","status":"passed","title":"sqlite: real LevelForge recipe job persists typed Foundation execution","duration":61.92375000000004,"failureMessages":[],"meta":{},"tags":[],"benchmarks":[]},{"ancestorTitles":[],"fullName":"postgres: real LevelForge recipe job persists typed Foundation execution","status":"passed","title":"postgres: real LevelForge recipe job persists typed Foundation execution","duration":198.2465410000001,"failureMessages":[],"meta":{},"tags":[],"benchmarks":[]}],"startTime":1790138875855,"endTime":1790138876193.2466,"status":"passed","message":"","name":"/Volumes/dev/.worktrees/forge/foundation-integration/packages/runtime/test/foundation-app-levelforge.traces.ts"}]}