{"numTotalTestSuites":1,"numPassedTestSuites":1,"numFailedTestSuites":0,"numPendingTestSuites":0,"numTotalTests":6,"numPassedTests":6,"numFailedTests":0,"numPendingTests":0,"numTodoTests":0,"snapshot":{"added":0,"failure":false,"filesAdded":0,"filesRemoved":0,"filesRemovedList":[],"filesUnmatched":0,"filesUpdated":0,"matched":0,"total":0,"unchecked":0,"uncheckedKeysByFile":[],"unmatched":0,"updated":0,"didUpdate":false},"startTime":1790176029959,"success":true,"testResults":[{"assertionResults":[{"ancestorTitles":[],"fullName":"memory: actual Stream Conductor acknowledgment projects typed fulfillment and replays","status":"passed","title":"memory: actual Stream Conductor acknowledgment projects typed fulfillment and replays","duration":23.60854100000006,"failureMessages":[],"meta":{},"tags":[],"benchmarks":[]},{"ancestorTitles":[],"fullName":"memory: actual Stream Conductor seam rejects foreign or uncertain commands and reports denied projection","status":"passed","title":"memory: actual Stream Conductor seam rejects foreign or uncertain commands and reports denied projection","duration":4.6901659999999765,"failureMessages":[],"meta":{},"tags":[],"benchmarks":[]},{"ancestorTitles":[],"fullName":"sqlite: actual Stream Conductor acknowledgment projects typed fulfillment and replays","status":"passed","title":"sqlite: actual Stream Conductor acknowledgment projects typed fulfillment and replays","duration":14.853000000000065,"failureMessages":[],"meta":{},"tags":[],"benchmarks":[]},{"ancestorTitles":[],"fullName":"sqlite: actual Stream Conductor seam rejects foreign or uncertain commands and reports denied projection","status":"passed","title":"sqlite: actual Stream Conductor seam rejects foreign or uncertain commands and reports denied projection","duration":4.153791999999953,"failureMessages":[],"meta":{},"tags":[],"benchmarks":[]},{"ancestorTitles":[],"fullName":"postgres: actual Stream Conductor acknowledgment projects typed fulfillment and replays","status":"passed","title":"postgres: actual Stream Conductor acknowledgment projects typed fulfillment and replays","duration":96.94570899999997,"failureMessages":[],"meta":{},"tags":[],"benchmarks":[]},{"ancestorTitles":[],"fullName":"postgres: actual Stream Conductor seam rejects foreign or uncertain commands and reports denied projection","status":"passed","title":"postgres: actual Stream Conductor seam rejects foreign or uncertain commands and reports denied projection","duration":55.38066700000002,"failureMessages":[],"meta":{},"tags":[],"benchmarks":[]}],"startTime":1790176030646,"endTime":1790176030845.3806,"status":"passed","message":"","name":"/Volumes/dev/.worktrees/forge/foundation-integration/packages/runtime/test/foundation-app-stream-conductor.traces.ts"}]}