{"numTotalTestSuites":1,"numPassedTestSuites":1,"numFailedTestSuites":0,"numPendingTestSuites":0,"numTotalTests":6,"numPassedTests":6,"numFailedTests":0,"numPendingTests":0,"numTodoTests":0,"snapshot":{"added":0,"failure":false,"filesAdded":0,"filesRemoved":0,"filesRemovedList":[],"filesUnmatched":0,"filesUpdated":0,"matched":0,"total":0,"unchecked":0,"uncheckedKeysByFile":[],"unmatched":0,"updated":0,"didUpdate":false},"startTime":1790139631172,"success":true,"testResults":[{"assertionResults":[{"ancestorTitles":[],"fullName":"hosted: ambiguous or legacy timestamps cannot establish authority ordering","status":"passed","title":"hosted: ambiguous or legacy timestamps cannot establish authority ordering","duration":26613.728958,"failureMessages":[],"meta":{},"tags":[],"benchmarks":[]},{"ancestorTitles":[],"fullName":"hosted: ambiguous Decision timestamps cannot prove prior candidate binding","status":"passed","title":"hosted: ambiguous Decision timestamps cannot prove prior candidate binding","duration":45066.69095799999,"failureMessages":[],"meta":{},"tags":[],"benchmarks":[]},{"ancestorTitles":[],"fullName":"hosted: post-hoc evaluation binding cannot be laundered through future business timestamps","status":"passed","title":"hosted: post-hoc evaluation binding cannot be laundered through future business timestamps","duration":8947.023249999998,"failureMessages":[],"meta":{},"tags":[],"benchmarks":[]},{"ancestorTitles":[],"fullName":"hosted: all qualification policies, exact release pins and four domain satellites","status":"passed","title":"hosted: all qualification policies, exact release pins and four domain satellites","duration":110753.679834,"failureMessages":[],"meta":{},"tags":[],"benchmarks":[]},{"ancestorTitles":[],"fullName":"hosted: failed gates reject publication and promotion races preserve the journal","status":"passed","title":"hosted: failed gates reject publication and promotion races preserve the journal","duration":45592.806500000006,"failureMessages":[],"meta":{},"tags":[],"benchmarks":[]},{"ancestorTitles":[],"fullName":"hosted: deprecation history, hidden journal and denied writes fail closed","status":"passed","title":"hosted: deprecation history, hidden journal and denied writes fail closed","duration":17833.196750000003,"failureMessages":[],"meta":{},"tags":[],"benchmarks":[]}],"startTime":1790139632903,"endTime":1790139887705.1968,"status":"passed","message":"","name":"/Volumes/dev/.worktrees/forge/foundation-integration/packages/runtime/test/foundation-publication.test.ts"}]}