{"numTotalTestSuites":1,"numPassedTestSuites":1,"numFailedTestSuites":0,"numPendingTestSuites":0,"numTotalTests":6,"numPassedTests":6,"numFailedTests":0,"numPendingTests":0,"numTodoTests":0,"snapshot":{"added":0,"failure":false,"filesAdded":0,"filesRemoved":0,"filesRemovedList":[],"filesUnmatched":0,"filesUpdated":0,"matched":0,"total":0,"unchecked":0,"uncheckedKeysByFile":[],"unmatched":0,"updated":0,"didUpdate":false},"startTime":1790183605818,"success":true,"testResults":[{"assertionResults":[{"ancestorTitles":[],"fullName":"hosted: typed leased equipment, consignment and cloud relations remain distinct with extensible exact extent","status":"passed","title":"hosted: typed leased equipment, consignment and cloud relations remain distinct with extensible exact extent","duration":91782.647833,"failureMessages":[],"meta":{},"tags":[],"benchmarks":[]},{"ancestorTitles":[],"fullName":"hosted: atomic custody handoff has one winner, inert loser, historical knowledge and restart replay","status":"passed","title":"hosted: atomic custody handoff has one winner, inert loser, historical knowledge and restart replay","duration":105101.374333,"failureMessages":[],"meta":{},"tags":[],"benchmarks":[]},{"ancestorTitles":[],"fullName":"hosted: future ends and backdated termination preserve half-open valid time and inclusive knowledge boundaries","status":"passed","title":"hosted: future ends and backdated termination preserve half-open valid time and inclusive knowledge boundaries","duration":83208.91354100002,"failureMessages":[],"meta":{},"tags":[],"benchmarks":[]},{"ancestorTitles":[],"fullName":"hosted: denied successor Party cannot partially end custody and empty evidence cannot publish","status":"passed","title":"hosted: denied successor Party cannot partially end custody and empty evidence cannot publish","duration":30838.02879199997,"failureMessages":[],"meta":{},"tags":[],"benchmarks":[]},{"ancestorTitles":[],"fullName":"hosted: equal knowledge timestamps are inclusive and staged successors stay inert","status":"passed","title":"hosted: equal knowledge timestamps are inclusive and staged successors stay inert","duration":67651.231416,"failureMessages":[],"meta":{},"tags":[],"benchmarks":[]},{"ancestorTitles":[],"fullName":"hosted: denied dependency reads and mismatched or future provenance cannot publish a relation","status":"passed","title":"hosted: denied dependency reads and mismatched or future provenance cannot publish a relation","duration":34348.20804200001,"failureMessages":[],"meta":{},"tags":[],"benchmarks":[]}],"startTime":1790183608558,"endTime":1790184021487.208,"status":"passed","message":"","name":"/Volumes/dev/.worktrees/forge/foundation-integration/packages/runtime/test/foundation-resource-relations.test.ts"}]}