{"numTotalTestSuites":1,"numPassedTestSuites":1,"numFailedTestSuites":0,"numPendingTestSuites":0,"numTotalTests":9,"numPassedTests":9,"numFailedTests":0,"numPendingTests":0,"numTodoTests":0,"snapshot":{"added":0,"failure":false,"filesAdded":0,"filesRemoved":0,"filesRemovedList":[],"filesUnmatched":0,"filesUpdated":0,"matched":0,"total":0,"unchecked":0,"uncheckedKeysByFile":[],"unmatched":0,"updated":0,"didUpdate":false},"startTime":1790183608277,"success":true,"testResults":[{"assertionResults":[{"ancestorTitles":[],"fullName":"hosted: CommerceReceivable partial materialization and settlement retain neutral temporal positions","status":"passed","title":"hosted: CommerceReceivable partial materialization and settlement retain neutral temporal positions","duration":153842.72362499998,"failureMessages":[],"meta":{},"tags":[],"benchmarks":[]},{"ancestorTitles":[],"fullName":"hosted: ExpenseReimbursement partial materialization and settlement retain neutral temporal positions","status":"passed","title":"hosted: ExpenseReimbursement partial materialization and settlement retain neutral temporal positions","duration":124475.96775000001,"failureMessages":[],"meta":{},"tags":[],"benchmarks":[]},{"ancestorTitles":[],"fullName":"hosted: ServiceCredit partial materialization and settlement retain neutral temporal positions","status":"passed","title":"hosted: ServiceCredit partial materialization and settlement retain neutral temporal positions","duration":156558.4595,"failureMessages":[],"meta":{},"tags":[],"benchmarks":[]},{"ancestorTitles":[],"fullName":"hosted: one source atomically settles multiple positions and cannot be overspent or reused","status":"passed","title":"hosted: one source atomically settles multiple positions and cannot be overspent or reused","duration":246688.801667,"failureMessages":[],"meta":{},"tags":[],"benchmarks":[]},{"ancestorTitles":[],"fullName":"hosted: immutable reversals corrections and effective-time prefixes preserve explainable history","status":"passed","title":"hosted: immutable reversals corrections and effective-time prefixes preserve explainable history","duration":151740.12254200003,"failureMessages":[],"meta":{},"tags":[],"benchmarks":[]},{"ancestorTitles":[],"fullName":"hosted: trusted source admission authorization isolation and failed publication never mint balances","status":"passed","title":"hosted: trusted source admission authorization isolation and failed publication never mint balances","duration":39113.07229100005,"failureMessages":[],"meta":{},"tags":[],"benchmarks":[]},{"ancestorTitles":[],"fullName":"hosted: issued Agreement authority and independent exact Ledger association remain explicit","status":"passed","title":"hosted: issued Agreement authority and independent exact Ledger association remain explicit","duration":143360.16304100002,"failureMessages":[],"meta":{},"tags":[],"benchmarks":[]},{"ancestorTitles":[],"fullName":"hosted: obligation terminal races and unadmitted raw publications fail closed","status":"passed","title":"hosted: obligation terminal races and unadmitted raw publications fail closed","duration":20344.478457999998,"failureMessages":[],"meta":{},"tags":[],"benchmarks":[]},{"ancestorTitles":[],"fullName":"hosted: late domain proof cannot confer authority on an earlier raw publication","status":"passed","title":"hosted: late domain proof cannot confer authority on an earlier raw publication","duration":18648.093584000017,"failureMessages":[],"meta":{},"tags":[],"benchmarks":[]}],"startTime":1790183611293,"endTime":1790184666060.0935,"status":"passed","message":"","name":"/Volumes/dev/.worktrees/forge/foundation-integration/packages/runtime/test/foundation-settlement.test.ts"}]}