{"numTotalTestSuites":1,"numPassedTestSuites":0,"numFailedTestSuites":1,"numPendingTestSuites":0,"numTotalTests":1,"numPassedTests":0,"numFailedTests":1,"numPendingTests":0,"numTodoTests":0,"snapshot":{"added":0,"failure":false,"filesAdded":0,"filesRemoved":0,"filesRemovedList":[],"filesUnmatched":0,"filesUpdated":0,"matched":0,"total":0,"unchecked":0,"uncheckedKeysByFile":[],"unmatched":0,"updated":0,"didUpdate":false},"startTime":1790175985957,"success":false,"testResults":[{"assertionResults":[{"ancestorTitles":[],"fullName":"hosted: operation usage replay, real task linkage, lineage and terminal cleanup races","status":"failed","title":"hosted: operation usage replay, real task linkage, lineage and terminal cleanup races","duration":189252.752167,"failureMessages":["ForgeError: \n    at err (/Volumes/dev/.worktrees/forge/foundation-integration/packages/runtime/src/errors.ts:88:3)\n    at catch (/Volumes/dev/.worktrees/forge/foundation-integration/packages/runtime/src/adapters/d1.ts:51:54)\n    at file:///Volumes/dev/.worktrees/forge/foundation-integration/node_modules/.pnpm/effect@4.0.0-rc.116/node_modules/effect/dist/internal/effect.js:791:40\n    at ~effect/Utils/internal (file:///Volumes/dev/.worktrees/forge/foundation-integration/node_modules/.pnpm/effect@4.0.0-rc.116/node_modules/effect/dist/Utils.js:80:14)\n    at failWithCatch (file:///Volumes/dev/.worktrees/forge/foundation-integration/node_modules/.pnpm/effect@4.0.0-rc.116/node_modules/effect/dist/internal/effect.js:791:21)"],"meta":{},"tags":[],"benchmarks":[]}],"startTime":1790175988781,"endTime":1790176178033.7522,"status":"failed","message":"","name":"/Volumes/dev/.worktrees/forge/foundation-integration/packages/runtime/test/foundation-operations.test.ts"}]}