{"numTotalTestSuites":1,"numPassedTestSuites":1,"numFailedTestSuites":0,"numPendingTestSuites":0,"numTotalTests":1,"numPassedTests":1,"numFailedTests":0,"numPendingTests":0,"numTodoTests":0,"snapshot":{"added":0,"failure":false,"filesAdded":0,"filesRemoved":0,"filesRemovedList":[],"filesUnmatched":0,"filesUpdated":0,"matched":0,"total":0,"unchecked":0,"uncheckedKeysByFile":[],"unmatched":0,"updated":0,"didUpdate":false},"startTime":1790139776238,"success":true,"testResults":[{"assertionResults":[{"ancestorTitles":[],"fullName":"hosted: accepted-prefix checkpoints, webhook dedup, cursor races and real bridges","status":"passed","title":"hosted: accepted-prefix checkpoints, webhook dedup, cursor races and real bridges","duration":90774.31416699999,"failureMessages":[],"meta":{},"tags":[],"benchmarks":[]}],"startTime":1790139776908,"endTime":1790139867682.3142,"status":"passed","message":"","name":"/Volumes/dev/.worktrees/forge/foundation-integration/packages/runtime/test/foundation-integration.test.ts"}]}