{"numTotalTestSuites":1,"numPassedTestSuites":1,"numFailedTestSuites":0,"numPendingTestSuites":0,"numTotalTests":5,"numPassedTests":5,"numFailedTests":0,"numPendingTests":0,"numTodoTests":0,"snapshot":{"added":0,"failure":false,"filesAdded":0,"filesRemoved":0,"filesRemovedList":[],"filesUnmatched":0,"filesUpdated":0,"matched":0,"total":0,"unchecked":0,"uncheckedKeysByFile":[],"unmatched":0,"updated":0,"didUpdate":false},"startTime":1790139631738,"success":true,"testResults":[{"assertionResults":[{"ancestorTitles":[],"fullName":"hosted: six pinned rules and immutable outcomes","status":"passed","title":"hosted: six pinned rules and immutable outcomes","duration":107130.223625,"failureMessages":[],"meta":{},"tags":[],"benchmarks":[]},{"ancestorTitles":[],"fullName":"hosted: journal serializes finalize versus withdrawal and rejects raw forks","status":"passed","title":"hosted: journal serializes finalize versus withdrawal and rejects raw forks","duration":28623.795708000005,"failureMessages":[],"meta":{},"tags":[],"benchmarks":[]},{"ancestorTitles":[],"fullName":"hosted: duplicates, eligibility snapshots and denied journal reads fail closed","status":"passed","title":"hosted: duplicates, eligibility snapshots and denied journal reads fail closed","duration":18220.572167000006,"failureMessages":[],"meta":{},"tags":[],"benchmarks":[]},{"ancestorTitles":[],"fullName":"hosted: expiry, reconsideration, support and typed applications","status":"passed","title":"hosted: expiry, reconsideration, support and typed applications","duration":21256.498541999987,"failureMessages":[],"meta":{},"tags":[],"benchmarks":[]},{"ancestorTitles":[],"fullName":"hosted: malformed raw terminal candidates fail closed and denied writes stay denied","status":"passed","title":"hosted: malformed raw terminal candidates fail closed and denied writes stay denied","duration":14583.896416000003,"failureMessages":[],"meta":{},"tags":[],"benchmarks":[]}],"startTime":1790139633269,"endTime":1790139823080.8965,"status":"passed","message":"","name":"/Volumes/dev/.worktrees/forge/foundation-integration/packages/runtime/test/foundation-decision.test.ts"}]}