{"numTotalTestSuites":1,"numPassedTestSuites":1,"numFailedTestSuites":0,"numPendingTestSuites":0,"numTotalTests":1,"numPassedTests":1,"numFailedTests":0,"numPendingTests":0,"numTodoTests":0,"snapshot":{"added":0,"failure":false,"filesAdded":0,"filesRemoved":0,"filesRemovedList":[],"filesUnmatched":0,"filesUpdated":0,"matched":0,"total":0,"unchecked":0,"uncheckedKeysByFile":[],"unmatched":0,"updated":0,"didUpdate":false},"startTime":1790139630898,"success":true,"testResults":[{"assertionResults":[{"ancestorTitles":[],"fullName":"hosted: findings, dispositions, corrective work and pinned attestations retain separate history","status":"passed","title":"hosted: findings, dispositions, corrective work and pinned attestations retain separate history","duration":23166.599959000003,"failureMessages":[],"meta":{},"tags":[],"benchmarks":[]}],"startTime":1790139632623,"endTime":1790139655789.5999,"status":"passed","message":"","name":"/Volumes/dev/.worktrees/forge/foundation-integration/packages/runtime/test/foundation-assurance.test.ts"}]}