{"numTotalTestSuites":1,"numPassedTestSuites":1,"numFailedTestSuites":0,"numPendingTestSuites":0,"numTotalTests":6,"numPassedTests":6,"numFailedTests":0,"numPendingTests":0,"numTodoTests":0,"snapshot":{"added":0,"failure":false,"filesAdded":0,"filesRemoved":0,"filesRemovedList":[],"filesUnmatched":0,"filesUpdated":0,"matched":0,"total":0,"unchecked":0,"uncheckedKeysByFile":[],"unmatched":0,"updated":0,"didUpdate":false},"startTime":1790139631534,"success":true,"testResults":[{"assertionResults":[{"ancestorTitles":[],"fullName":"hosted: ambiguous or legacy timestamps cannot establish authority ordering","status":"passed","title":"hosted: ambiguous or legacy timestamps cannot establish authority ordering","duration":113756.623666,"failureMessages":[],"meta":{},"tags":[],"benchmarks":[]},{"ancestorTitles":[],"fullName":"hosted: pinned acceptance, resumable exactly-once issuance and four typed domains","status":"passed","title":"hosted: pinned acceptance, resumable exactly-once issuance and four typed domains","duration":107483.347459,"failureMessages":[],"meta":{},"tags":[],"benchmarks":[]},{"ancestorTitles":[],"fullName":"hosted: missing signers, expired offers and lifecycle history","status":"passed","title":"hosted: missing signers, expired offers and lifecycle history","duration":131369.28562500002,"failureMessages":[],"meta":{},"tags":[],"benchmarks":[]},{"ancestorTitles":[],"fullName":"hosted: independent successor agreements, denied issuance and hidden lifecycle","status":"passed","title":"hosted: independent successor agreements, denied issuance and hidden lifecycle","duration":140955.327375,"failureMessages":[],"meta":{},"tags":[],"benchmarks":[]},{"ancestorTitles":[],"fullName":"hosted: interrupted issuance resumes without duplicate grants","status":"passed","title":"hosted: interrupted issuance resumes without duplicate grants","duration":82309.41716700007,"failureMessages":[],"meta":{},"tags":[],"benchmarks":[]},{"ancestorTitles":[],"fullName":"hosted: concurrent issuance receipt misses cannot duplicate raw entitlement grants","status":"passed","title":"hosted: concurrent issuance receipt misses cannot duplicate raw entitlement grants","duration":56125.79645799997,"failureMessages":[],"meta":{},"tags":[],"benchmarks":[]}],"startTime":1790139633127,"endTime":1790140265115.7964,"status":"passed","message":"","name":"/Volumes/dev/.worktrees/forge/foundation-integration/packages/runtime/test/foundation-agreement-catalog.test.ts"}]}