{"numTotalTestSuites":1,"numPassedTestSuites":1,"numFailedTestSuites":0,"numPendingTestSuites":0,"numTotalTests":1,"numPassedTests":1,"numFailedTests":0,"numPendingTests":0,"numTodoTests":0,"snapshot":{"added":0,"failure":false,"filesAdded":0,"filesRemoved":0,"filesRemovedList":[],"filesUnmatched":0,"filesUpdated":0,"matched":0,"total":0,"unchecked":0,"uncheckedKeysByFile":[],"unmatched":0,"updated":0,"didUpdate":false},"startTime":1790183913920,"success":true,"testResults":[{"assertionResults":[{"ancestorTitles":[],"fullName":"hosted: typed discussion sidecars, immutable corrections and activity rebuild","status":"passed","title":"hosted: typed discussion sidecars, immutable corrections and activity rebuild","duration":49917.464584,"failureMessages":[],"meta":{},"tags":[],"benchmarks":[]}],"startTime":1790183914669,"endTime":1790183964586.4646,"status":"passed","message":"","name":"/Volumes/dev/.worktrees/forge/foundation-integration/packages/runtime/test/foundation-collaboration.test.ts"}]}