{"numTotalTestSuites":1,"numPassedTestSuites":1,"numFailedTestSuites":0,"numPendingTestSuites":0,"numTotalTests":5,"numPassedTests":5,"numFailedTests":0,"numPendingTests":0,"numTodoTests":0,"snapshot":{"added":0,"failure":false,"filesAdded":0,"filesRemoved":0,"filesRemovedList":[],"filesUnmatched":0,"filesUpdated":0,"matched":0,"total":0,"unchecked":0,"uncheckedKeysByFile":[],"unmatched":0,"updated":0,"didUpdate":false},"startTime":1790139721915,"success":true,"testResults":[{"assertionResults":[{"ancestorTitles":[],"fullName":"capacity-race-and-restart","status":"passed","title":"capacity-race-and-restart","duration":4777.466541,"failureMessages":[],"meta":{},"tags":[],"benchmarks":[]},{"ancestorTitles":[],"fullName":"authorized-atomic-rollback","status":"passed","title":"authorized-atomic-rollback","duration":1013.6358749999999,"failureMessages":[],"meta":{},"tags":[],"benchmarks":[]},{"ancestorTitles":[],"fullName":"exact-ledger-reversal","status":"passed","title":"exact-ledger-reversal","duration":9064.674292,"failureMessages":[],"meta":{},"tags":[],"benchmarks":[]},{"ancestorTitles":[],"fullName":"usage-retry-and-isolation","status":"passed","title":"usage-retry-and-isolation","duration":2260.6897499999995,"failureMessages":[],"meta":{},"tags":[],"benchmarks":[]},{"ancestorTitles":[],"fullName":"terminal-absence-guard-race","status":"passed","title":"terminal-absence-guard-race","duration":1668.481832999998,"failureMessages":[],"meta":{},"tags":[],"benchmarks":[]}],"startTime":1790139722946,"endTime":1790139741730.482,"status":"passed","message":"","name":"/Volumes/dev/.worktrees/forge/foundation-integration/packages/runtime/test/provider-foundation/traces.ts"}]}