{"numTotalTestSuites":1,"numPassedTestSuites":1,"numFailedTestSuites":0,"numPendingTestSuites":0,"numTotalTests":6,"numPassedTests":6,"numFailedTests":0,"numPendingTests":0,"numTodoTests":0,"snapshot":{"added":0,"failure":false,"filesAdded":0,"filesRemoved":0,"filesRemovedList":[],"filesUnmatched":0,"filesUpdated":0,"matched":0,"total":0,"unchecked":0,"uncheckedKeysByFile":[],"unmatched":0,"updated":0,"didUpdate":false},"startTime":1790183605818,"success":true,"testResults":[{"assertionResults":[{"ancestorTitles":[],"fullName":"hosted: typed leased equipment, consignment and cloud relations remain distinct with extensible exact extent","status":"passed","title":"hosted: typed leased equipment, consignment and cloud relations remain distinct with extensible exact extent","duration":44166.201833,"failureMessages":[],"meta":{},"tags":[],"benchmarks":[]},{"ancestorTitles":[],"fullName":"hosted: atomic custody handoff has one winner, inert loser, historical knowledge and restart replay","status":"passed","title":"hosted: atomic custody handoff has one winner, inert loser, historical knowledge and restart replay","duration":48837.321208,"failureMessages":[],"meta":{},"tags":[],"benchmarks":[]},{"ancestorTitles":[],"fullName":"hosted: future ends and backdated termination preserve half-open valid time and inclusive knowledge boundaries","status":"passed","title":"hosted: future ends and backdated termination preserve half-open valid time and inclusive knowledge boundaries","duration":36853.733083,"failureMessages":[],"meta":{},"tags":[],"benchmarks":[]},{"ancestorTitles":[],"fullName":"hosted: denied successor Party cannot partially end custody and empty evidence cannot publish","status":"passed","title":"hosted: denied successor Party cannot partially end custody and empty evidence cannot publish","duration":11179.194542000012,"failureMessages":[],"meta":{},"tags":[],"benchmarks":[]},{"ancestorTitles":[],"fullName":"hosted: equal knowledge timestamps are inclusive and staged successors stay inert","status":"passed","title":"hosted: equal knowledge timestamps are inclusive and staged successors stay inert","duration":22137.677958999993,"failureMessages":[],"meta":{},"tags":[],"benchmarks":[]},{"ancestorTitles":[],"fullName":"hosted: denied dependency reads and mismatched or future provenance cannot publish a relation","status":"passed","title":"hosted: denied dependency reads and mismatched or future provenance cannot publish a relation","duration":11089.956458,"failureMessages":[],"meta":{},"tags":[],"benchmarks":[]}],"startTime":1790183608587,"endTime":1790183782850.9565,"status":"passed","message":"","name":"/Volumes/dev/.worktrees/forge/foundation-integration/packages/runtime/test/foundation-resource-relations.test.ts"}]}