{"numTotalTestSuites":1,"numPassedTestSuites":1,"numFailedTestSuites":0,"numPendingTestSuites":0,"numTotalTests":1,"numPassedTests":1,"numFailedTests":0,"numPendingTests":0,"numTodoTests":0,"snapshot":{"added":0,"failure":false,"filesAdded":0,"filesRemoved":0,"filesRemovedList":[],"filesUnmatched":0,"filesUpdated":0,"matched":0,"total":0,"unchecked":0,"uncheckedKeysByFile":[],"unmatched":0,"updated":0,"didUpdate":false},"startTime":1790176161682,"success":true,"testResults":[{"assertionResults":[{"ancestorTitles":[],"fullName":"hosted: desired journal fences attempts/results and real keyed actor resumes effects without rewriting newer intent","status":"passed","title":"hosted: desired journal fences attempts/results and real keyed actor resumes effects without rewriting newer intent","duration":25002.557084,"failureMessages":[],"meta":{},"tags":[],"benchmarks":[]}],"startTime":1790176162437,"endTime":1790176187439.5571,"status":"passed","message":"","name":"/Volumes/dev/.worktrees/forge/foundation-integration/packages/runtime/test/foundation-reconciliation.test.ts"}]}