{"numTotalTestSuites":1,"numPassedTestSuites":1,"numFailedTestSuites":0,"numPendingTestSuites":0,"numTotalTests":1,"numPassedTests":1,"numFailedTests":0,"numPendingTests":0,"numTodoTests":0,"snapshot":{"added":0,"failure":false,"filesAdded":0,"filesRemoved":0,"filesRemovedList":[],"filesUnmatched":0,"filesUpdated":0,"matched":0,"total":0,"unchecked":0,"uncheckedKeysByFile":[],"unmatched":0,"updated":0,"didUpdate":false},"startTime":1790138739069,"success":true,"testResults":[{"assertionResults":[{"ancestorTitles":[],"fullName":"hosted: exact ledger, atomic groups, concurrent reversals and rebuilds","status":"passed","title":"hosted: exact ledger, atomic groups, concurrent reversals and rebuilds","duration":41511.220542,"failureMessages":[],"meta":{},"tags":[],"benchmarks":[]}],"startTime":1790138740067,"endTime":1790138781578.2205,"status":"passed","message":"","name":"/Volumes/dev/.worktrees/forge/foundation-integration/packages/runtime/test/foundation-ledger.test.ts"}]}