{"numTotalTestSuites":1,"numPassedTestSuites":1,"numFailedTestSuites":0,"numPendingTestSuites":0,"numTotalTests":5,"numPassedTests":5,"numFailedTests":0,"numPendingTests":0,"numTodoTests":0,"snapshot":{"added":0,"failure":false,"filesAdded":0,"filesRemoved":0,"filesRemovedList":[],"filesUnmatched":0,"filesUpdated":0,"matched":0,"total":0,"unchecked":0,"uncheckedKeysByFile":[],"unmatched":0,"updated":0,"didUpdate":false},"startTime":1790139631799,"success":true,"testResults":[{"assertionResults":[{"ancestorTitles":[],"fullName":"hosted: six pinned rules and immutable outcomes","status":"passed","title":"hosted: six pinned rules and immutable outcomes","duration":80695.261666,"failureMessages":[],"meta":{},"tags":[],"benchmarks":[]},{"ancestorTitles":[],"fullName":"hosted: journal serializes finalize versus withdrawal and rejects raw forks","status":"passed","title":"hosted: journal serializes finalize versus withdrawal and rejects raw forks","duration":17873.832916,"failureMessages":[],"meta":{},"tags":[],"benchmarks":[]},{"ancestorTitles":[],"fullName":"hosted: duplicates, eligibility snapshots and denied journal reads fail closed","status":"passed","title":"hosted: duplicates, eligibility snapshots and denied journal reads fail closed","duration":11087.730875000008,"failureMessages":[],"meta":{},"tags":[],"benchmarks":[]},{"ancestorTitles":[],"fullName":"hosted: expiry, reconsideration, support and typed applications","status":"passed","title":"hosted: expiry, reconsideration, support and typed applications","duration":16518.71500000001,"failureMessages":[],"meta":{},"tags":[],"benchmarks":[]},{"ancestorTitles":[],"fullName":"hosted: malformed raw terminal candidates fail closed and denied writes stay denied","status":"passed","title":"hosted: malformed raw terminal candidates fail closed and denied writes stay denied","duration":10552.887167000008,"failureMessages":[],"meta":{},"tags":[],"benchmarks":[]}],"startTime":1790139633364,"endTime":1790139770090.8872,"status":"passed","message":"","name":"/Volumes/dev/.worktrees/forge/foundation-integration/packages/runtime/test/foundation-decision.test.ts"}]}