{"numTotalTestSuites":1,"numPassedTestSuites":1,"numFailedTestSuites":0,"numPendingTestSuites":0,"numTotalTests":1,"numPassedTests":1,"numFailedTests":0,"numPendingTests":0,"numTodoTests":0,"snapshot":{"added":0,"failure":false,"filesAdded":0,"filesRemoved":0,"filesRemovedList":[],"filesUnmatched":0,"filesUpdated":0,"matched":0,"total":0,"unchecked":0,"uncheckedKeysByFile":[],"unmatched":0,"updated":0,"didUpdate":false},"startTime":1790183973817,"success":true,"testResults":[{"assertionResults":[{"ancestorTitles":[],"fullName":"hosted: pinned gates, validated approval, verification, rollback and supersession","status":"passed","title":"hosted: pinned gates, validated approval, verification, rollback and supersession","duration":82539.19683300001,"failureMessages":[],"meta":{},"tags":[],"benchmarks":[]}],"startTime":1790183974500,"endTime":1790184057039.1968,"status":"passed","message":"","name":"/Volumes/dev/.worktrees/forge/foundation-integration/packages/runtime/test/foundation-change.test.ts"}]}