{"numTotalTestSuites":1,"numPassedTestSuites":1,"numFailedTestSuites":0,"numPendingTestSuites":0,"numTotalTests":5,"numPassedTests":5,"numFailedTests":0,"numPendingTests":0,"numTodoTests":0,"snapshot":{"added":0,"failure":false,"filesAdded":0,"filesRemoved":0,"filesRemovedList":[],"filesUnmatched":0,"filesUpdated":0,"matched":0,"total":0,"unchecked":0,"uncheckedKeysByFile":[],"unmatched":0,"updated":0,"didUpdate":false},"startTime":1790139721928,"success":true,"testResults":[{"assertionResults":[{"ancestorTitles":[],"fullName":"capacity-race-and-restart","status":"passed","title":"capacity-race-and-restart","duration":3553.6876249999996,"failureMessages":[],"meta":{},"tags":[],"benchmarks":[]},{"ancestorTitles":[],"fullName":"authorized-atomic-rollback","status":"passed","title":"authorized-atomic-rollback","duration":698.6831249999996,"failureMessages":[],"meta":{},"tags":[],"benchmarks":[]},{"ancestorTitles":[],"fullName":"exact-ledger-reversal","status":"passed","title":"exact-ledger-reversal","duration":6693.470542000001,"failureMessages":[],"meta":{},"tags":[],"benchmarks":[]},{"ancestorTitles":[],"fullName":"usage-retry-and-isolation","status":"passed","title":"usage-retry-and-isolation","duration":1489.5613749999993,"failureMessages":[],"meta":{},"tags":[],"benchmarks":[]},{"ancestorTitles":[],"fullName":"terminal-absence-guard-race","status":"passed","title":"terminal-absence-guard-race","duration":1008.7733329999992,"failureMessages":[],"meta":{},"tags":[],"benchmarks":[]}],"startTime":1790139722952,"endTime":1790139736395.7734,"status":"passed","message":"","name":"/Volumes/dev/.worktrees/forge/foundation-integration/packages/runtime/test/provider-foundation/traces.ts"}]}