{"numTotalTestSuites":1,"numPassedTestSuites":1,"numFailedTestSuites":0,"numPendingTestSuites":0,"numTotalTests":1,"numPassedTests":1,"numFailedTests":0,"numPendingTests":0,"numTodoTests":0,"snapshot":{"added":0,"failure":false,"filesAdded":0,"filesRemoved":0,"filesRemovedList":[],"filesUnmatched":0,"filesUpdated":0,"matched":0,"total":0,"unchecked":0,"uncheckedKeysByFile":[],"unmatched":0,"updated":0,"didUpdate":false},"startTime":1790176021872,"success":true,"testResults":[{"assertionResults":[{"ancestorTitles":[],"fullName":"hosted: stable assignments, scarce capacity, typed evaluation and artifact lineage","status":"passed","title":"hosted: stable assignments, scarce capacity, typed evaluation and artifact lineage","duration":478.76483399999995,"failureMessages":[],"meta":{},"tags":[],"benchmarks":[]}],"startTime":1790176022567,"endTime":1790176023045.765,"status":"passed","message":"","name":"/Volumes/dev/.worktrees/forge/foundation-integration/packages/runtime/test/foundation-experiment.test.ts"}]}