{"numTotalTestSuites":1,"numPassedTestSuites":1,"numFailedTestSuites":0,"numPendingTestSuites":0,"numTotalTests":1,"numPassedTests":1,"numFailedTests":0,"numPendingTests":0,"numTodoTests":0,"snapshot":{"added":0,"failure":false,"filesAdded":0,"filesRemoved":0,"filesRemovedList":[],"filesUnmatched":0,"filesUpdated":0,"matched":0,"total":0,"unchecked":0,"uncheckedKeysByFile":[],"unmatched":0,"updated":0,"didUpdate":false},"startTime":1790139678453,"success":true,"testResults":[{"assertionResults":[{"ancestorTitles":[],"fullName":"hosted: stable logical notices snapshot preferences, resume delivery and preserve suppression","status":"passed","title":"hosted: stable logical notices snapshot preferences, resume delivery and preserve suppression","duration":225.81558399999994,"failureMessages":[],"meta":{},"tags":[],"benchmarks":[]}],"startTime":1790139679158,"endTime":1790139679383.8157,"status":"passed","message":"","name":"/Volumes/dev/.worktrees/forge/foundation-integration/packages/runtime/test/foundation-notifications.test.ts"}]}