{"numTotalTestSuites":1,"numPassedTestSuites":1,"numFailedTestSuites":0,"numPendingTestSuites":0,"numTotalTests":5,"numPassedTests":5,"numFailedTests":0,"numPendingTests":0,"numTodoTests":0,"snapshot":{"added":0,"failure":false,"filesAdded":0,"filesRemoved":0,"filesRemovedList":[],"filesUnmatched":0,"filesUpdated":0,"matched":0,"total":0,"unchecked":0,"uncheckedKeysByFile":[],"unmatched":0,"updated":0,"didUpdate":false},"startTime":1790139664738,"success":true,"testResults":[{"assertionResults":[{"ancestorTitles":[],"fullName":"hosted: ambiguous or legacy timestamps cannot establish authority ordering","status":"passed","title":"hosted: ambiguous or legacy timestamps cannot establish authority ordering","duration":698.2701669999999,"failureMessages":[],"meta":{},"tags":[],"benchmarks":[]},{"ancestorTitles":[],"fullName":"hosted: ambiguous item timestamps cannot prove prior Decision binding","status":"passed","title":"hosted: ambiguous item timestamps cannot prove prior Decision binding","duration":714.7256669999997,"failureMessages":[],"meta":{},"tags":[],"benchmarks":[]},{"ancestorTitles":[],"fullName":"hosted: determination, source reasons, exact idempotent settlement and three domains","status":"passed","title":"hosted: determination, source reasons, exact idempotent settlement and three domains","duration":325.2579169999999,"failureMessages":[],"meta":{},"tags":[],"benchmarks":[]},{"ancestorTitles":[],"fullName":"hosted: fulfillment and explanation intents remain distinct from execution","status":"passed","title":"hosted: fulfillment and explanation intents remain distinct from execution","duration":280.8842499999996,"failureMessages":[],"meta":{},"tags":[],"benchmarks":[]},{"ancestorTitles":[],"fullName":"hosted: rejected Decision cannot authorize a positive award or settlement","status":"passed","title":"hosted: rejected Decision cannot authorize a positive award or settlement","duration":315.8662079999999,"failureMessages":[],"meta":{},"tags":[],"benchmarks":[]}],"startTime":1790139665453,"endTime":1790139667788.8662,"status":"passed","message":"","name":"/Volumes/dev/.worktrees/forge/foundation-integration/packages/runtime/test/foundation-adjudication.test.ts"}]}