{"numTotalTestSuites":1,"numPassedTestSuites":1,"numFailedTestSuites":0,"numPendingTestSuites":0,"numTotalTests":9,"numPassedTests":9,"numFailedTests":0,"numPendingTests":0,"numTodoTests":0,"snapshot":{"added":0,"failure":false,"filesAdded":0,"filesRemoved":0,"filesRemovedList":[],"filesUnmatched":0,"filesUpdated":0,"matched":0,"total":0,"unchecked":0,"uncheckedKeysByFile":[],"unmatched":0,"updated":0,"didUpdate":false},"startTime":1790183608766,"success":true,"testResults":[{"assertionResults":[{"ancestorTitles":[],"fullName":"hosted: CommerceReceivable partial materialization and settlement retain neutral temporal positions","status":"passed","title":"hosted: CommerceReceivable partial materialization and settlement retain neutral temporal positions","duration":1596.1106250000003,"failureMessages":[],"meta":{},"tags":[],"benchmarks":[]},{"ancestorTitles":[],"fullName":"hosted: ExpenseReimbursement partial materialization and settlement retain neutral temporal positions","status":"passed","title":"hosted: ExpenseReimbursement partial materialization and settlement retain neutral temporal positions","duration":957.0159999999996,"failureMessages":[],"meta":{},"tags":[],"benchmarks":[]},{"ancestorTitles":[],"fullName":"hosted: ServiceCredit partial materialization and settlement retain neutral temporal positions","status":"passed","title":"hosted: ServiceCredit partial materialization and settlement retain neutral temporal positions","duration":1814.8066250000002,"failureMessages":[],"meta":{},"tags":[],"benchmarks":[]},{"ancestorTitles":[],"fullName":"hosted: one source atomically settles multiple positions and cannot be overspent or reused","status":"passed","title":"hosted: one source atomically settles multiple positions and cannot be overspent or reused","duration":2360.574207999999,"failureMessages":[],"meta":{},"tags":[],"benchmarks":[]},{"ancestorTitles":[],"fullName":"hosted: immutable reversals corrections and effective-time prefixes preserve explainable history","status":"passed","title":"hosted: immutable reversals corrections and effective-time prefixes preserve explainable history","duration":1460.2437910000008,"failureMessages":[],"meta":{},"tags":[],"benchmarks":[]},{"ancestorTitles":[],"fullName":"hosted: trusted source admission authorization isolation and failed publication never mint balances","status":"passed","title":"hosted: trusted source admission authorization isolation and failed publication never mint balances","duration":515.2853330000016,"failureMessages":[],"meta":{},"tags":[],"benchmarks":[]},{"ancestorTitles":[],"fullName":"hosted: issued Agreement authority and independent exact Ledger association remain explicit","status":"passed","title":"hosted: issued Agreement authority and independent exact Ledger association remain explicit","duration":481.1314999999995,"failureMessages":[],"meta":{},"tags":[],"benchmarks":[]},{"ancestorTitles":[],"fullName":"hosted: obligation terminal races and unadmitted raw publications fail closed","status":"passed","title":"hosted: obligation terminal races and unadmitted raw publications fail closed","duration":233.6436250000006,"failureMessages":[],"meta":{},"tags":[],"benchmarks":[]},{"ancestorTitles":[],"fullName":"hosted: late domain proof cannot confer authority on an earlier raw publication","status":"passed","title":"hosted: late domain proof cannot confer authority on an earlier raw publication","duration":221.4303749999999,"failureMessages":[],"meta":{},"tags":[],"benchmarks":[]}],"startTime":1790183611577,"endTime":1790183621220.4304,"status":"passed","message":"","name":"/Volumes/dev/.worktrees/forge/foundation-integration/packages/runtime/test/foundation-settlement.test.ts"}]}