{"numTotalTestSuites":1,"numPassedTestSuites":1,"numFailedTestSuites":0,"numPendingTestSuites":0,"numTotalTests":1,"numPassedTests":1,"numFailedTests":0,"numPendingTests":0,"numTodoTests":0,"snapshot":{"added":0,"failure":false,"filesAdded":0,"filesRemoved":0,"filesRemovedList":[],"filesUnmatched":0,"filesUpdated":0,"matched":0,"total":0,"unchecked":0,"uncheckedKeysByFile":[],"unmatched":0,"updated":0,"didUpdate":false},"startTime":1790176010785,"success":true,"testResults":[{"assertionResults":[{"ancestorTitles":[],"fullName":"hosted: single-row guarded capacity, release races and hostile candidates","status":"passed","title":"hosted: single-row guarded capacity, release races and hostile candidates","duration":134.77366700000005,"failureMessages":[],"meta":{},"tags":[],"benchmarks":[]}],"startTime":1790176011434,"endTime":1790176011568.7737,"status":"passed","message":"","name":"/Volumes/dev/.worktrees/forge/foundation-integration/packages/runtime/test/foundation-allocation.test.ts"}]}