{"numTotalTestSuites":1,"numPassedTestSuites":1,"numFailedTestSuites":0,"numPendingTestSuites":0,"numTotalTests":6,"numPassedTests":6,"numFailedTests":0,"numPendingTests":0,"numTodoTests":0,"snapshot":{"added":0,"failure":false,"filesAdded":0,"filesRemoved":0,"filesRemovedList":[],"filesUnmatched":0,"filesUpdated":0,"matched":0,"total":0,"unchecked":0,"uncheckedKeysByFile":[],"unmatched":0,"updated":0,"didUpdate":false},"startTime":1790183623638,"success":true,"testResults":[{"assertionResults":[{"ancestorTitles":[],"fullName":"hosted: ambiguous or legacy timestamps cannot establish authority ordering","status":"passed","title":"hosted: ambiguous or legacy timestamps cannot establish authority ordering","duration":808.0611670000001,"failureMessages":[],"meta":{},"tags":[],"benchmarks":[]},{"ancestorTitles":[],"fullName":"hosted: pinned acceptance, resumable exactly-once issuance and four typed domains","status":"passed","title":"hosted: pinned acceptance, resumable exactly-once issuance and four typed domains","duration":335.312625,"failureMessages":[],"meta":{},"tags":[],"benchmarks":[]},{"ancestorTitles":[],"fullName":"hosted: missing signers, expired offers and lifecycle history","status":"passed","title":"hosted: missing signers, expired offers and lifecycle history","duration":383.22462499999983,"failureMessages":[],"meta":{},"tags":[],"benchmarks":[]},{"ancestorTitles":[],"fullName":"hosted: independent successor agreements, denied issuance and hidden lifecycle","status":"passed","title":"hosted: independent successor agreements, denied issuance and hidden lifecycle","duration":324.48775000000023,"failureMessages":[],"meta":{},"tags":[],"benchmarks":[]},{"ancestorTitles":[],"fullName":"hosted: interrupted issuance resumes without duplicate grants","status":"passed","title":"hosted: interrupted issuance resumes without duplicate grants","duration":286.844834,"failureMessages":[],"meta":{},"tags":[],"benchmarks":[]},{"ancestorTitles":[],"fullName":"hosted: concurrent issuance receipt misses cannot duplicate raw entitlement grants","status":"passed","title":"hosted: concurrent issuance receipt misses cannot duplicate raw entitlement grants","duration":240.16525000000001,"failureMessages":[],"meta":{},"tags":[],"benchmarks":[]}],"startTime":1790183624471,"endTime":1790183626850.1653,"status":"passed","message":"","name":"/Volumes/dev/.worktrees/forge/foundation-integration/packages/runtime/test/foundation-agreement-catalog.test.ts"}]}