{"numTotalTestSuites":1,"numPassedTestSuites":1,"numFailedTestSuites":0,"numPendingTestSuites":0,"numTotalTests":1,"numPassedTests":1,"numFailedTests":0,"numPendingTests":0,"numTodoTests":0,"snapshot":{"added":0,"failure":false,"filesAdded":0,"filesRemoved":0,"filesRemovedList":[],"filesUnmatched":0,"filesUpdated":0,"matched":0,"total":0,"unchecked":0,"uncheckedKeysByFile":[],"unmatched":0,"updated":0,"didUpdate":false},"startTime":1790138739116,"success":true,"testResults":[{"assertionResults":[{"ancestorTitles":[],"fullName":"hosted: single-row guarded capacity, release races and hostile candidates","status":"passed","title":"hosted: single-row guarded capacity, release races and hostile candidates","duration":139.76554099999998,"failureMessages":[],"meta":{},"tags":[],"benchmarks":[]}],"startTime":1790138740116,"endTime":1790138740255.7656,"status":"passed","message":"","name":"/Volumes/dev/.worktrees/forge/foundation-integration/packages/runtime/test/foundation-allocation.test.ts"}]}