{"numTotalTestSuites":1,"numPassedTestSuites":1,"numFailedTestSuites":0,"numPendingTestSuites":0,"numTotalTests":1,"numPassedTests":1,"numFailedTests":0,"numPendingTests":0,"numTodoTests":0,"snapshot":{"added":0,"failure":false,"filesAdded":0,"filesRemoved":0,"filesRemovedList":[],"filesUnmatched":0,"filesUpdated":0,"matched":0,"total":0,"unchecked":0,"uncheckedKeysByFile":[],"unmatched":0,"updated":0,"didUpdate":false},"startTime":1790139648577,"success":true,"testResults":[{"assertionResults":[{"ancestorTitles":[],"fullName":"hosted: operation usage replay, real task linkage, lineage and terminal cleanup races","status":"passed","title":"hosted: operation usage replay, real task linkage, lineage and terminal cleanup races","duration":649.5033749999999,"failureMessages":[],"meta":{},"tags":[],"benchmarks":[]}],"startTime":1790139649284,"endTime":1790139649933.5034,"status":"passed","message":"","name":"/Volumes/dev/.worktrees/forge/foundation-integration/packages/runtime/test/foundation-operations.test.ts"}]}