{"numTotalTestSuites":1,"numPassedTestSuites":1,"numFailedTestSuites":0,"numPendingTestSuites":0,"numTotalTests":6,"numPassedTests":6,"numFailedTests":0,"numPendingTests":0,"numTodoTests":0,"snapshot":{"added":0,"failure":false,"filesAdded":0,"filesRemoved":0,"filesRemovedList":[],"filesUnmatched":0,"filesUpdated":0,"matched":0,"total":0,"unchecked":0,"uncheckedKeysByFile":[],"unmatched":0,"updated":0,"didUpdate":false},"startTime":1790138789153,"success":true,"testResults":[{"assertionResults":[{"ancestorTitles":[],"fullName":"hosted: ambiguous or legacy timestamps cannot establish authority ordering","status":"passed","title":"hosted: ambiguous or legacy timestamps cannot establish authority ordering","duration":521.1001249999999,"failureMessages":[],"meta":{},"tags":[],"benchmarks":[]},{"ancestorTitles":[],"fullName":"hosted: ambiguous Decision timestamps cannot prove prior candidate binding","status":"passed","title":"hosted: ambiguous Decision timestamps cannot prove prior candidate binding","duration":610.5383750000001,"failureMessages":[],"meta":{},"tags":[],"benchmarks":[]},{"ancestorTitles":[],"fullName":"hosted: post-hoc evaluation binding cannot be laundered through future business timestamps","status":"passed","title":"hosted: post-hoc evaluation binding cannot be laundered through future business timestamps","duration":174.85245900000018,"failureMessages":[],"meta":{},"tags":[],"benchmarks":[]},{"ancestorTitles":[],"fullName":"hosted: all qualification policies, exact release pins and four domain satellites","status":"passed","title":"hosted: all qualification policies, exact release pins and four domain satellites","duration":354.4713750000001,"failureMessages":[],"meta":{},"tags":[],"benchmarks":[]},{"ancestorTitles":[],"fullName":"hosted: failed gates reject publication and promotion races preserve the journal","status":"passed","title":"hosted: failed gates reject publication and promotion races preserve the journal","duration":205.78041699999994,"failureMessages":[],"meta":{},"tags":[],"benchmarks":[]},{"ancestorTitles":[],"fullName":"hosted: deprecation history, hidden journal and denied writes fail closed","status":"passed","title":"hosted: deprecation history, hidden journal and denied writes fail closed","duration":156.2707919999998,"failureMessages":[],"meta":{},"tags":[],"benchmarks":[]}],"startTime":1790138789915,"endTime":1790138791938.2708,"status":"passed","message":"","name":"/Volumes/dev/.worktrees/forge/foundation-integration/packages/runtime/test/foundation-publication.test.ts"}]}