{"numTotalTestSuites":1,"numPassedTestSuites":1,"numFailedTestSuites":0,"numPendingTestSuites":0,"numTotalTests":5,"numPassedTests":5,"numFailedTests":0,"numPendingTests":0,"numTodoTests":0,"snapshot":{"added":0,"failure":false,"filesAdded":0,"filesRemoved":0,"filesRemovedList":[],"filesUnmatched":0,"filesUpdated":0,"matched":0,"total":0,"unchecked":0,"uncheckedKeysByFile":[],"unmatched":0,"updated":0,"didUpdate":false},"startTime":1790138913112,"success":true,"testResults":[{"assertionResults":[{"ancestorTitles":[],"fullName":"capacity-race-and-restart","status":"passed","title":"capacity-race-and-restart","duration":39.31004200000007,"failureMessages":[],"meta":{},"tags":[],"benchmarks":[]},{"ancestorTitles":[],"fullName":"authorized-atomic-rollback","status":"passed","title":"authorized-atomic-rollback","duration":7.308958999999959,"failureMessages":[],"meta":{},"tags":[],"benchmarks":[]},{"ancestorTitles":[],"fullName":"exact-ledger-reversal","status":"passed","title":"exact-ledger-reversal","duration":35.29845799999998,"failureMessages":[],"meta":{},"tags":[],"benchmarks":[]},{"ancestorTitles":[],"fullName":"usage-retry-and-isolation","status":"passed","title":"usage-retry-and-isolation","duration":17.12895800000001,"failureMessages":[],"meta":{},"tags":[],"benchmarks":[]},{"ancestorTitles":[],"fullName":"terminal-absence-guard-race","status":"passed","title":"terminal-absence-guard-race","duration":28.159667000000013,"failureMessages":[],"meta":{},"tags":[],"benchmarks":[]}],"startTime":1790138913845,"endTime":1790138913972.1597,"status":"passed","message":"","name":"/Volumes/dev/.worktrees/forge/foundation-integration/packages/runtime/test/provider-foundation/traces.ts"}]}